  main.cpp
C:\Users\Usuario\Desktop\misc_dev\CppTest21\Voxel2\Voxel2\main.cpp(161,20): warning C4477:  'printf' : la cadena de formato '%i' requiere un argumento de tipo 'int', pero el argumento variádico 2 tiene el tipo 'unsigned __int64'
C:\Users\Usuario\Desktop\misc_dev\CppTest21\Voxel2\Voxel2\main.cpp(161,20): message :  considere el uso de ' %zi' en la cadena de formato
C:\Users\Usuario\Desktop\misc_dev\CppTest21\Voxel2\Voxel2\main.cpp(193,70): warning C4244:  '-=': conversión de 'double' a 'float'; posible pérdida de datos
C:\Users\Usuario\Desktop\misc_dev\CppTest21\Voxel2\Voxel2\main.cpp(195,68): warning C4244:  '+=': conversión de 'double' a 'float'; posible pérdida de datos
C:\Users\Usuario\Desktop\misc_dev\CppTest21\Voxel2\Voxel2\main.cpp(200,49): warning C4244:  '+=': conversión de 'double' a 'float'; posible pérdida de datos
C:\Users\Usuario\Desktop\misc_dev\CppTest21\Voxel2\Voxel2\main.cpp(208,51): warning C4244:  'argumento': conversión de 'double' a 'float'; posible pérdida de datos
C:\Users\Usuario\Desktop\misc_dev\CppTest21\Voxel2\Voxel2\main.cpp(211,52): warning C4244:  'argumento': conversión de 'double' a 'float'; posible pérdida de datos
C:\Users\Usuario\Desktop\misc_dev\CppTest21\Voxel2\Voxel2\main.cpp(214,51): warning C4244:  'argumento': conversión de 'double' a 'float'; posible pérdida de datos
C:\Users\Usuario\Desktop\misc_dev\CppTest21\Voxel2\Voxel2\main.cpp(217,52): warning C4244:  'argumento': conversión de 'double' a 'float'; posible pérdida de datos
C:\Users\Usuario\Desktop\misc_dev\CppTest21\Voxel2\Voxel2\main.cpp(220,48): warning C4244:  'argumento': conversión de 'double' a 'float'; posible pérdida de datos
C:\Users\Usuario\Desktop\misc_dev\CppTest21\Voxel2\Voxel2\main.cpp(223,49): warning C4244:  'argumento': conversión de 'double' a 'float'; posible pérdida de datos
C:\Users\Usuario\Desktop\misc_dev\CppTest21\Voxel2\Voxel2\main.cpp(244,21): warning C4244:  'inicializando': conversión de 'T' a 'int'; posible pérdida de datos
C:\Users\Usuario\Desktop\misc_dev\CppTest21\Voxel2\Voxel2\main.cpp(244,21): warning C4244:         with
C:\Users\Usuario\Desktop\misc_dev\CppTest21\Voxel2\Voxel2\main.cpp(244,21): warning C4244:         [
C:\Users\Usuario\Desktop\misc_dev\CppTest21\Voxel2\Voxel2\main.cpp(244,21): warning C4244:             T=float
C:\Users\Usuario\Desktop\misc_dev\CppTest21\Voxel2\Voxel2\main.cpp(244,21): warning C4244:         ]
C:\Users\Usuario\Desktop\misc_dev\CppTest21\Voxel2\Voxel2\main.cpp(245,21): warning C4244:  'inicializando': conversión de 'T' a 'int'; posible pérdida de datos
C:\Users\Usuario\Desktop\misc_dev\CppTest21\Voxel2\Voxel2\main.cpp(245,21): warning C4244:         with
C:\Users\Usuario\Desktop\misc_dev\CppTest21\Voxel2\Voxel2\main.cpp(245,21): warning C4244:         [
C:\Users\Usuario\Desktop\misc_dev\CppTest21\Voxel2\Voxel2\main.cpp(245,21): warning C4244:             T=float
C:\Users\Usuario\Desktop\misc_dev\CppTest21\Voxel2\Voxel2\main.cpp(245,21): warning C4244:         ]
C:\Users\Usuario\Desktop\misc_dev\CppTest21\Voxel2\Voxel2\main.cpp(189,17): warning C4060:  la instrucción switch no contiene etiquetas 'case' ni 'default'
  Voxel2.vcxproj -> C:\Users\Usuario\Desktop\misc_dev\CppTest21\Voxel2\x64\Debug\Voxel2.exe
